e:\my c++ projects\high level projects\snake game\engine\x64\release\board.obj
e:\my c++ projects\high level projects\snake game\engine\x64\release\goal.obj
e:\my c++ projects\high level projects\snake game\engine\x64\release\keyboard.obj
e:\my c++ projects\high level projects\snake game\engine\x64\release\main.obj
e:\my c++ projects\high level projects\snake game\engine\x64\release\mouse.obj
e:\my c++ projects\high level projects\snake game\engine\x64\release\snake.obj
e:\my c++ projects\high level projects\snake game\engine\x64\release\dxerr.obj
e:\my c++ projects\high level projects\snake game\engine\x64\release\game.obj
e:\my c++ projects\high level projects\snake game\engine\x64\release\graphics.obj
e:\my c++ projects\high level projects\snake game\engine\x64\release\mainwindow.obj
e:\my c++ projects\high level projects\snake game\engine\x64\release\spritecodex.obj
e:\my c++ projects\high level projects\snake game\engine\x64\release\vc140.pdb
e:\my c++ projects\high level projects\snake game\engine\framebufferps.shh
e:\my c++ projects\high level projects\snake game\engine\framebuffervs.shh
e:\my c++ projects\high level projects\snake game\engine\x64\release\resource.res
e:\my c++ projects\high level projects\snake game\x64\release\engine.exe
e:\my c++ projects\high level projects\snake game\engine\x64\release\engine.tlog\cl.command.1.tlog
e:\my c++ projects\high level projects\snake game\engine\x64\release\engine.tlog\cl.read.1.tlog
e:\my c++ projects\high level projects\snake game\engine\x64\release\engine.tlog\cl.write.1.tlog
e:\my c++ projects\high level projects\snake game\engine\x64\release\engine.tlog\engine.write.1u.tlog
e:\my c++ projects\high level projects\snake game\engine\x64\release\engine.tlog\fxc.command.1.tlog
e:\my c++ projects\high level projects\snake game\engine\x64\release\engine.tlog\fxc.read.1.tlog
e:\my c++ projects\high level projects\snake game\engine\x64\release\engine.tlog\fxc.write.1.tlog
e:\my c++ projects\high level projects\snake game\engine\x64\release\engine.tlog\link.command.1.tlog
e:\my c++ projects\high level projects\snake game\engine\x64\release\engine.tlog\link.read.1.tlog
e:\my c++ projects\high level projects\snake game\engine\x64\release\engine.tlog\link.write.1.tlog
e:\my c++ projects\high level projects\snake game\engine\x64\release\engine.tlog\rc.command.1.tlog
e:\my c++ projects\high level projects\snake game\engine\x64\release\engine.tlog\rc.read.1.tlog
e:\my c++ projects\high level projects\snake game\engine\x64\release\engine.tlog\rc.write.1.tlog
