e:\my c++ projects\high level projects\snake game\engine\x64\debug\dxerr.obj
e:\my c++ projects\high level projects\snake game\engine\x64\debug\game.obj
e:\my c++ projects\high level projects\snake game\engine\x64\debug\graphics.obj
e:\my c++ projects\high level projects\snake game\engine\x64\debug\mainwindow.obj
e:\my c++ projects\high level projects\snake game\engine\x64\debug\snake.obj
e:\my c++ projects\high level projects\snake game\engine\x64\debug\board.obj
e:\my c++ projects\high level projects\snake game\engine\x64\debug\goal.obj
e:\my c++ projects\high level projects\snake game\engine\x64\debug\keyboard.obj
e:\my c++ projects\high level projects\snake game\engine\x64\debug\main.obj
e:\my c++ projects\high level projects\snake game\engine\x64\debug\mouse.obj
e:\my c++ projects\high level projects\snake game\engine\x64\debug\spritecodex.obj
e:\my c++ projects\high level projects\snake game\engine\x64\debug\vc140.pdb
e:\my c++ projects\high level projects\snake game\engine\framebufferps.shh
e:\my c++ projects\high level projects\snake game\engine\framebuffervs.shh
e:\my c++ projects\high level projects\snake game\x64\debug\engine.ilk
e:\my c++ projects\high level projects\snake game\x64\debug\engine.exe
e:\my c++ projects\high level projects\snake game\x64\debug\engine.pdb
e:\my c++ projects\high level projects\snake game\engine\x64\debug\resource.res
e:\my c++ projects\high level projects\snake game\engine\x64\debug\game.obj.enc
e:\my c++ projects\high level projects\snake game\engine\x64\debug\vc140.idb
e:\my c++ projects\high level projects\snake game\engine\x64\debug\engine.tlog\cl.command.1.tlog
e:\my c++ projects\high level projects\snake game\engine\x64\debug\engine.tlog\cl.read.1.tlog
e:\my c++ projects\high level projects\snake game\engine\x64\debug\engine.tlog\cl.write.1.tlog
e:\my c++ projects\high level projects\snake game\engine\x64\debug\engine.tlog\engine.write.1u.tlog
e:\my c++ projects\high level projects\snake game\engine\x64\debug\engine.tlog\fxc.command.1.tlog
e:\my c++ projects\high level projects\snake game\engine\x64\debug\engine.tlog\fxc.read.1.tlog
e:\my c++ projects\high level projects\snake game\engine\x64\debug\engine.tlog\fxc.write.1.tlog
e:\my c++ projects\high level projects\snake game\engine\x64\debug\engine.tlog\link.command.1.tlog
e:\my c++ projects\high level projects\snake game\engine\x64\debug\engine.tlog\link.read.1.tlog
e:\my c++ projects\high level projects\snake game\engine\x64\debug\engine.tlog\link.write.1.tlog
e:\my c++ projects\high level projects\snake game\engine\x64\debug\engine.tlog\rc.command.1.tlog
e:\my c++ projects\high level projects\snake game\engine\x64\debug\engine.tlog\rc.read.1.tlog
e:\my c++ projects\high level projects\snake game\engine\x64\debug\engine.tlog\rc.write.1.tlog
